[34m[DEBUG] 2025-04-29 22:58:15 proc.go:7317 network.ximalayaIIp_ip: www.ximalaya.com [0m 
[34m[DEBUG] 2025-04-29 22:58:15 proc.go:7317 db.name: comic [0m 
[34m[DEBUG] 2025-04-29 22:58:15 proc.go:7317 gin模式: release [0m 
[32m[INFO ] 2025-04-29 22:58:15 main.go:57 ------------ gin模式:  release [0m 
[34m[DEBUG] 2025-04-29 22:58:15 once.go:78 单例: 数据库连接成功 [0m 
[32m[INFO ] 2025-04-29 22:58:15 website.go:30 创建成功:&{0 0 待分类 未知 0} [0m 
[34m[DEBUG] 2025-04-29 22:58:15 website.go:32 批量创建第1条成功, website: 待分类 [0m 
[32m[INFO ] 2025-04-29 22:58:15 website.go:30 创建成功:&{0 1 j88d www.j88d.com 0} [0m 
[34m[DEBUG] 2025-04-29 22:58:15 website.go:32 批量创建第2条成功, website: j88d [0m 
[32m[INFO ] 2025-04-29 22:58:15 catefory.go:30 创建成功:&{0 0 待分类}1 [0m 
[34m[DEBUG] 2025-04-29 22:58:15 catefory.go:32 批量创建第1条成功, category: 待分类 [0m 
[32m[INFO ] 2025-04-29 22:58:15 catefory.go:30 创建成功:&{0 1 普通漫画}1 [0m 
[34m[DEBUG] 2025-04-29 22:58:15 catefory.go:32 批量创建第2条成功, category: 普通漫画 [0m 
[32m[INFO ] 2025-04-29 22:58:15 catefory.go:30 创建成功:&{0 2 色漫}1 [0m 
[34m[DEBUG] 2025-04-29 22:58:15 catefory.go:32 批量创建第3条成功, category: 色漫 [0m 
[32m[INFO ] 2025-04-29 22:58:15 countriy.go:30 创建成功:&{0 0 待分类} [0m 
[34m[DEBUG] 2025-04-29 22:58:15 countriy.go:32 批量创建第1条成功, country: 待分类 [0m 
[32m[INFO ] 2025-04-29 22:58:15 countriy.go:30 创建成功:&{0 1 中国} [0m 
[34m[DEBUG] 2025-04-29 22:58:15 countriy.go:32 批量创建第2条成功, country: 中国 [0m 
[32m[INFO ] 2025-04-29 22:58:15 countriy.go:30 创建成功:&{0 2 韩国} [0m 
[34m[DEBUG] 2025-04-29 22:58:15 countriy.go:32 批量创建第3条成功, country: 韩国 [0m 
[32m[INFO ] 2025-04-29 22:58:15 countriy.go:30 创建成功:&{0 3 欧美} [0m 
[34m[DEBUG] 2025-04-29 22:58:15 countriy.go:32 批量创建第4条成功, country: 欧美 [0m 
[32m[INFO ] 2025-04-29 22:58:15 countriy.go:30 创建成功:&{0 4 日本} [0m 
[34m[DEBUG] 2025-04-29 22:58:15 countriy.go:32 批量创建第5条成功, country: 日本 [0m 
[32m[INFO ] 2025-04-29 22:58:15 type.go:30 创建成功:&{0 0 待分类 1 0} [0m 
[32m[INFO ] 2025-04-29 22:58:15 type.go:32 批量创建第1条成功, type: 待分类 [0m 
[32m[INFO ] 2025-04-29 22:58:15 type.go:30 创建成功:&{0 1 韩漫 1 0} [0m 
[32m[INFO ] 2025-04-29 22:58:15 type.go:32 批量创建第2条成功, type: 韩漫 [0m 
[32m[INFO ] 2025-04-29 22:58:15 type.go:30 创建成功:&{0 2 日漫 1 0} [0m 
[32m[INFO ] 2025-04-29 22:58:15 type.go:32 批量创建第3条成功, type: 日漫 [0m 
[32m[INFO ] 2025-04-29 22:58:15 type.go:30 创建成功:&{0 3 真人漫画 1 0} [0m 
[32m[INFO ] 2025-04-29 22:58:15 type.go:32 批量创建第4条成功, type: 真人漫画 [0m 
[32m[INFO ] 2025-04-29 22:58:15 type.go:30 创建成功:&{0 4 3D漫画 1 0} [0m 
[32m[INFO ] 2025-04-29 22:58:15 type.go:32 批量创建第5条成功, type: 3D漫画 [0m 
[32m[INFO ] 2025-04-29 22:58:15 type.go:30 创建成功:&{0 5 欧美漫画 1 0} [0m 
[32m[INFO ] 2025-04-29 22:58:15 type.go:32 批量创建第6条成功, type: 欧美漫画 [0m 
[32m[INFO ] 2025-04-29 22:58:15 type.go:30 创建成功:&{0 6 同性 1 0} [0m 
[32m[INFO ] 2025-04-29 22:58:15 type.go:32 批量创建第7条成功, type: 同性 [0m 
